Determining if the pthread_create exist failed with the following output:
Change Dir: /home/af/hexapod_ws/src/crab_proj/build-crab_body_kinematics-Desktop_Qt_5_6_0_GCC_64bit-Default/CMakeFiles/CMakeTmp

Run Build Command:/usr/bin/make "cmTryCompileExec1845421431/fast"
/usr/bin/make -f CMakeFiles/cmTryCompileExec1845421431.dir/build.make CMakeFiles/cmTryCompileExec1845421431.dir/build
make[1]: Entering directory `/home/af/hexapod_ws/src/crab_proj/build-crab_body_kinematics-Desktop_Qt_5_6_0_GCC_64bit-Default/CMakeFiles/CMakeTmp'
/usr/bin/cmake -E cmake_progress_report /home/af/hexapod_ws/src/crab_proj/build-crab_body_kinematics-Desktop_Qt_5_6_0_GCC_64bit-Default/CMakeFiles/CMakeTmp/CMakeFiles 1
Building C object CMakeFiles/cmTryCompileExec1845421431.dir/CheckSymbolExists.c.o
/usr/bin/cc    -o CMakeFiles/cmTryCompileExec1845421431.dir/CheckSymbolExists.c.o   -c /home/af/hexapod_ws/src/crab_proj/build-crab_body_kinematics-Desktop_Qt_5_6_0_GCC_64bit-Default/CMakeFiles/CMakeTmp/CheckSymbolExists.c
Linking C executable cmTryCompileExec1845421431
/usr/bin/cmake -E cmake_link_script CMakeFiles/cmTryCompileExec1845421431.dir/link.txt --verbose=1
/usr/bin/cc       CMakeFiles/cmTryCompileExec1845421431.dir/CheckSymbolExists.c.o  -o cmTryCompileExec1845421431 -rdynamic 
CMakeFiles/cmTryCompileExec1845421431.dir/CheckSymbolExists.c.o: In function `main':
CheckSymbolExists.c:(.text+0x16): undefined reference to `pthread_create'
collect2: error: ld returned 1 exit status
make[1]: *** [cmTryCompileExec1845421431] Error 1
make[1]: Leaving directory `/home/af/hexapod_ws/src/crab_proj/build-crab_body_kinematics-Desktop_Qt_5_6_0_GCC_64bit-Default/CMakeFiles/CMakeTmp'
make: *** [cmTryCompileExec1845421431/fast] Error 2

File /home/af/hexapod_ws/src/crab_proj/build-crab_body_kinematics-Desktop_Qt_5_6_0_GCC_64bit-Default/CMakeFiles/CMakeTmp/CheckSymbolExists.c:
/* */
#include <pthread.h>

int main(int argc, char** argv)
{
  (void)argv;
#ifndef pthread_create
  return ((int*)(&pthread_create))[argc];
#else
  (void)argc;
  return 0;
#endif
}

Determining if the function pthread_create exists in the pthreads failed with the following output:
Change Dir: /home/af/hexapod_ws/src/crab_proj/build-crab_body_kinematics-Desktop_Qt_5_6_0_GCC_64bit-Default/CMakeFiles/CMakeTmp

Run Build Command:/usr/bin/make "cmTryCompileExec1768578224/fast"
/usr/bin/make -f CMakeFiles/cmTryCompileExec1768578224.dir/build.make CMakeFiles/cmTryCompileExec1768578224.dir/build
make[1]: Entering directory `/home/af/hexapod_ws/src/crab_proj/build-crab_body_kinematics-Desktop_Qt_5_6_0_GCC_64bit-Default/CMakeFiles/CMakeTmp'
/usr/bin/cmake -E cmake_progress_report /home/af/hexapod_ws/src/crab_proj/build-crab_body_kinematics-Desktop_Qt_5_6_0_GCC_64bit-Default/CMakeFiles/CMakeTmp/CMakeFiles 1
Building C object CMakeFiles/cmTryCompileExec1768578224.dir/CheckFunctionExists.c.o
/usr/bin/cc   -DCHECK_FUNCTION_EXISTS=pthread_create   -o CMakeFiles/cmTryCompileExec1768578224.dir/CheckFunctionExists.c.o   -c /usr/share/cmake-2.8/Modules/CheckFunctionExists.c
Linking C executable cmTryCompileExec1768578224
/usr/bin/cmake -E cmake_link_script CMakeFiles/cmTryCompileExec1768578224.dir/link.txt --verbose=1
/usr/bin/cc   -DCHECK_FUNCTION_EXISTS=pthread_create    CMakeFiles/cmTryCompileExec1768578224.dir/CheckFunctionExists.c.o  -o cmTryCompileExec1768578224 -rdynamic -lpthreads 
/usr/bin/ld: cannot find -lpthreads
collect2: error: ld returned 1 exit status
make[1]: *** [cmTryCompileExec1768578224] Error 1
make[1]: Leaving directory `/home/af/hexapod_ws/src/crab_proj/build-crab_body_kinematics-Desktop_Qt_5_6_0_GCC_64bit-Default/CMakeFiles/CMakeTmp'
make: *** [cmTryCompileExec1768578224/fast] Error 2


